c:\users\sama\source\repos\vaccine tracking system version 3\vaccine tracking system version 3\x64\debug\deleteusergui.obj
c:\users\sama\source\repos\vaccine tracking system version 3\vaccine tracking system version 3\x64\debug\user.obj
c:\users\sama\source\repos\vaccine tracking system version 3\vaccine tracking system version 3\x64\debug\showstatistics.obj
c:\users\sama\source\repos\vaccine tracking system version 3\vaccine tracking system version 3\x64\debug\viewuserbydose.obj
c:\users\sama\source\repos\vaccine tracking system version 3\vaccine tracking system version 3\x64\debug\admin.obj
c:\users\sama\source\repos\vaccine tracking system version 3\vaccine tracking system version 3\x64\debug\signup.obj
c:\users\sama\source\repos\vaccine tracking system version 3\vaccine tracking system version 3\x64\debug\main.obj
c:\users\sama\source\repos\vaccine tracking system version 3\vaccine tracking system version 3\x64\debug\edituserwindow.obj
c:\users\sama\source\repos\vaccine tracking system version 3\vaccine tracking system version 3\x64\debug\viewwaitinglist.obj
c:\users\sama\source\repos\vaccine tracking system version 3\vaccine tracking system version 3\x64\debug\editactionwindow.obj
c:\users\sama\source\repos\vaccine tracking system version 3\vaccine tracking system version 3\x64\debug\viewuserdata.obj
c:\users\sama\source\repos\vaccine tracking system version 3\vaccine tracking system version 3\x64\debug\login.obj
c:\users\sama\source\repos\vaccine tracking system version 3\vaccine tracking system version 3\x64\debug\welcomepage.obj
c:\users\sama\source\repos\vaccine tracking system version 3\vaccine tracking system version 3\x64\debug\admincontrols.obj
c:\users\sama\source\repos\vaccine tracking system version 3\vaccine tracking system version 3\x64\debug\viewuserbyagegui.obj
c:\users\sama\source\repos\vaccine tracking system version 3\vaccine tracking system version 3\x64\debug\adminloginpage.obj
c:\users\sama\source\repos\vaccine tracking system version 3\vaccine tracking system version 3\x64\debug\userview.obj
c:\users\sama\source\repos\vaccine tracking system version 3\vaccine tracking system version 3\x64\debug\vc143.pdb
c:\users\sama\source\repos\vaccine tracking system version 3\vaccine tracking system version 3\x64\debug\moc_userview.obj
c:\users\sama\source\repos\vaccine tracking system version 3\vaccine tracking system version 3\x64\debug\moc_adminloginpage.obj
c:\users\sama\source\repos\vaccine tracking system version 3\vaccine tracking system version 3\x64\debug\moc_viewwaitinglist.obj
c:\users\sama\source\repos\vaccine tracking system version 3\vaccine tracking system version 3\x64\debug\moc_admincontrols.obj
c:\users\sama\source\repos\vaccine tracking system version 3\vaccine tracking system version 3\x64\debug\moc_viewuserbydose.obj
c:\users\sama\source\repos\vaccine tracking system version 3\vaccine tracking system version 3\x64\debug\moc_editactionwindow.obj
c:\users\sama\source\repos\vaccine tracking system version 3\vaccine tracking system version 3\x64\debug\moc_welcomepage.obj
c:\users\sama\source\repos\vaccine tracking system version 3\vaccine tracking system version 3\x64\debug\moc_showstatistics.obj
c:\users\sama\source\repos\vaccine tracking system version 3\vaccine tracking system version 3\x64\debug\moc_edituserwindow.obj
c:\users\sama\source\repos\vaccine tracking system version 3\vaccine tracking system version 3\x64\debug\moc_viewuserdata.obj
c:\users\sama\source\repos\vaccine tracking system version 3\vaccine tracking system version 3\x64\debug\moc_deleteusergui.obj
c:\users\sama\source\repos\vaccine tracking system version 3\vaccine tracking system version 3\x64\debug\qrc_welcomepage.obj
c:\users\sama\source\repos\vaccine tracking system version 3\vaccine tracking system version 3\x64\debug\moc_viewuserbyagegui.obj
c:\users\sama\source\repos\vaccine tracking system version 3\vaccine tracking system version 3\x64\debug\moc_login.obj
c:\users\sama\source\repos\vaccine tracking system version 3\vaccine tracking system version 3\x64\debug\moc_signup.obj
c:\users\sama\source\repos\vaccine tracking system version 3\x64\debug\vaccine tracking system version 3.exe
c:\users\sama\source\repos\vaccine tracking system version 3\x64\debug\vaccine tracking system version 3.ilk
c:\users\sama\source\repos\vaccine tracking system version 3\x64\debug\vaccine tracking system version 3.pdb
c:\users\sama\source\repos\vaccine tracking system version 3\vaccine tracking system version 3\x64\debug\moc\moc_viewuserbyagegui.cpp
c:\users\sama\source\repos\vaccine tracking system version 3\vaccine tracking system version 3\x64\debug\rcc\qrc_welcomepage.cpp
c:\users\sama\source\repos\vaccine tracking system version 3\vaccine tracking system version 3\x64\debug\uic\ui_admincontrols.h
c:\users\sama\source\repos\vaccine tracking system version 3\vaccine tracking system version 3\x64\debug\uic\ui_adminloginpage.h
c:\users\sama\source\repos\vaccine tracking system version 3\vaccine tracking system version 3\x64\debug\uic\ui_deleteusergui.h
c:\users\sama\source\repos\vaccine tracking system version 3\vaccine tracking system version 3\x64\debug\uic\ui_editactionwindow.h
c:\users\sama\source\repos\vaccine tracking system version 3\vaccine tracking system version 3\x64\debug\uic\ui_edituserwindow.h
c:\users\sama\source\repos\vaccine tracking system version 3\vaccine tracking system version 3\x64\debug\uic\ui_login.h
c:\users\sama\source\repos\vaccine tracking system version 3\vaccine tracking system version 3\x64\debug\uic\ui_showstatistics.h
c:\users\sama\source\repos\vaccine tracking system version 3\vaccine tracking system version 3\x64\debug\uic\ui_signup.h
c:\users\sama\source\repos\vaccine tracking system version 3\vaccine tracking system version 3\x64\debug\uic\ui_userview.h
c:\users\sama\source\repos\vaccine tracking system version 3\vaccine tracking system version 3\x64\debug\uic\ui_viewuserbyagegui.h
c:\users\sama\source\repos\vaccine tracking system version 3\vaccine tracking system version 3\x64\debug\uic\ui_viewuserbydose.h
c:\users\sama\source\repos\vaccine tracking system version 3\vaccine tracking system version 3\x64\debug\uic\ui_viewuserdata.h
c:\users\sama\source\repos\vaccine tracking system version 3\vaccine tracking system version 3\x64\debug\uic\ui_viewwaitinglist.h
c:\users\sama\source\repos\vaccine tracking system version 3\vaccine tracking system version 3\x64\debug\uic\ui_welcomepage.h
c:\users\sama\source\repos\vaccine tracking system version 3\vaccine tracking system version 3\x64\debug\moc\moc_welcomepage.cpp
c:\users\sama\source\repos\vaccine tracking system version 3\vaccine tracking system version 3\x64\debug\moc\moc_viewuserbydose.cpp
c:\users\sama\source\repos\vaccine tracking system version 3\vaccine tracking system version 3\x64\debug\moc\moc_viewuserdata.cpp
c:\users\sama\source\repos\vaccine tracking system version 3\vaccine tracking system version 3\x64\debug\moc\moc_viewwaitinglist.cpp
c:\users\sama\source\repos\vaccine tracking system version 3\vaccine tracking system version 3\x64\debug\moc\moc_userview.cpp
c:\users\sama\source\repos\vaccine tracking system version 3\vaccine tracking system version 3\x64\debug\moc\moc_signup.cpp
c:\users\sama\source\repos\vaccine tracking system version 3\vaccine tracking system version 3\x64\debug\moc\moc_showstatistics.cpp
c:\users\sama\source\repos\vaccine tracking system version 3\vaccine tracking system version 3\x64\debug\moc\moc_login.cpp
c:\users\sama\source\repos\vaccine tracking system version 3\vaccine tracking system version 3\x64\debug\moc\moc_edituserwindow.cpp
c:\users\sama\source\repos\vaccine tracking system version 3\vaccine tracking system version 3\x64\debug\moc\moc_editactionwindow.cpp
c:\users\sama\source\repos\vaccine tracking system version 3\vaccine tracking system version 3\x64\debug\moc\moc_deleteusergui.cpp
c:\users\sama\source\repos\vaccine tracking system version 3\vaccine tracking system version 3\x64\debug\moc\moc_adminloginpage.cpp
c:\users\sama\source\repos\vaccine tracking system version 3\vaccine tracking system version 3\x64\debug\moc\moc_admincontrols.cpp
c:\users\sama\source\repos\vaccine tracking system version 3\vaccine tracking system version 3\x64\debug\vaccine .1ef2a3c9.tlog\cl.command.1.tlog
c:\users\sama\source\repos\vaccine tracking system version 3\vaccine tracking system version 3\x64\debug\vaccine .1ef2a3c9.tlog\cl.read.1.tlog
c:\users\sama\source\repos\vaccine tracking system version 3\vaccine tracking system version 3\x64\debug\vaccine .1ef2a3c9.tlog\cl.write.1.tlog
c:\users\sama\source\repos\vaccine tracking system version 3\vaccine tracking system version 3\x64\debug\vaccine .1ef2a3c9.tlog\link.command.1.tlog
c:\users\sama\source\repos\vaccine tracking system version 3\vaccine tracking system version 3\x64\debug\vaccine .1ef2a3c9.tlog\link.read.1.tlog
c:\users\sama\source\repos\vaccine tracking system version 3\vaccine tracking system version 3\x64\debug\vaccine .1ef2a3c9.tlog\link.write.1.tlog
c:\users\sama\source\repos\vaccine tracking system version 3\vaccine tracking system version 3\x64\debug\vaccine .1ef2a3c9.tlog\moc.read.1u.tlog
c:\users\sama\source\repos\vaccine tracking system version 3\vaccine tracking system version 3\x64\debug\vaccine .1ef2a3c9.tlog\moc.write.1u.tlog
c:\users\sama\source\repos\vaccine tracking system version 3\vaccine tracking system version 3\x64\debug\vaccine .1ef2a3c9.tlog\rcc.read.1u.tlog
c:\users\sama\source\repos\vaccine tracking system version 3\vaccine tracking system version 3\x64\debug\vaccine .1ef2a3c9.tlog\rcc.write.1u.tlog
c:\users\sama\source\repos\vaccine tracking system version 3\vaccine tracking system version 3\x64\debug\vaccine .1ef2a3c9.tlog\uic.read.1u.tlog
c:\users\sama\source\repos\vaccine tracking system version 3\vaccine tracking system version 3\x64\debug\vaccine .1ef2a3c9.tlog\uic.write.1u.tlog
c:\users\sama\source\repos\vaccine tracking system version 3\vaccine tracking system version 3\x64\debug\vaccine .1ef2a3c9.tlog\vaccine tracking system version 3.write.1u.tlog
